<?xml version="1.0" encoding="UTF-8"?>
<testsuite name="FizzBuzzTest" tests="1" skipped="0" failures="0" errors="0" timestamp="2018-07-18T07:14:10" hostname="H-00621" time="0.003">
  <properties/>
  <testcase name="fizzBuzzテスト" classname="FizzBuzzTest" time="0.003"/>
  <system-out><![CDATA[]]></system-out>
  <system-err><![CDATA[]]></system-err>
</testsuite>
