<?xml version="1.0" encoding="UTF-8"?>
<testsuite name="ErrorsTest" tests="1" skipped="0" failures="0" errors="0" timestamp="2018-07-18T07:10:32" hostname="H-00621" time="0.009">
  <properties/>
  <testcase name="LinesからErrorsオブジェクトを作成することの確認" classname="ErrorsTest" time="0.009"/>
  <system-out><![CDATA[]]></system-out>
  <system-err><![CDATA[]]></system-err>
</testsuite>
