<?xml version="1.0" encoding="UTF-8"?>
<testsuite name="ErrorLineTest" tests="4" skipped="0" failures="0" errors="0" timestamp="2018-07-18T07:10:32" hostname="H-00621" time="0.006">
  <properties/>
  <testcase name="エラーメッセージの作成の列Scopeの場合" classname="ErrorLineTest" time="0.003"/>
  <testcase name="エラーメッセージの作成の行Scopeの場合" classname="ErrorLineTest" time="0.001"/>
  <testcase name="カラム範囲のエラーの文字列になるテスト" classname="ErrorLineTest" time="0.002"/>
  <testcase name="行範囲のエラーの文字列になるテスト" classname="ErrorLineTest" time="0.0"/>
  <system-out><![CDATA[]]></system-out>
  <system-err><![CDATA[]]></system-err>
</testsuite>
