<?xml version="1.0" encoding="UTF-8"?>
<testsuite name="FileManagerTest" tests="3" skipped="0" failures="0" errors="0" timestamp="2018-07-18T07:10:32" hostname="H-00621" time="0.121">
  <properties/>
  <testcase name="ファイル書き込みの確認" classname="FileManagerTest" time="0.041"/>
  <testcase name="JSONファイル書き込みの確認" classname="FileManagerTest" time="0.037"/>
  <testcase name="ファイル読み込みの確認" classname="FileManagerTest" time="0.042"/>
  <system-out><![CDATA[]]></system-out>
  <system-err><![CDATA[]]></system-err>
</testsuite>
