<?xml version="1.0" encoding="UTF-8"?>
<testsuite name="LineValidateTest" tests="3" skipped="0" failures="0" errors="0" timestamp="2018-07-18T07:10:32" hostname="H-00621" time="0.004">
  <properties/>
  <testcase name="おかしい列数の場合" classname="LineValidateTest" time="0.001"/>
  <testcase name="正しい行の場合" classname="LineValidateTest" time="0.002"/>
  <testcase name="おかしい列の場合" classname="LineValidateTest" time="0.001"/>
  <system-out><![CDATA[]]></system-out>
  <system-err><![CDATA[]]></system-err>
</testsuite>
