<?xml version="1.0" encoding="UTF-8"?>
<testsuite name="FizzBuzzTest" tests="4" skipped="0" failures="0" errors="0" timestamp="2018-07-18T07:14:12" hostname="H-00621" time="0.028">
  <properties/>
  <testcase name="数字テスト" classname="FizzBuzzTest" time="0.025"/>
  <testcase name="fizzテスト" classname="FizzBuzzTest" time="0.001"/>
  <testcase name="buzzテスト" classname="FizzBuzzTest" time="0.001"/>
  <testcase name="fizzBuzzテスト" classname="FizzBuzzTest" time="0.0"/>
  <system-out><![CDATA[]]></system-out>
  <system-err><![CDATA[]]></system-err>
</testsuite>
